<?xml version="1.0" encoding="UTF-8"?>
<coverage generated="1655377234957" clover="3.2.0">
  <project timestamp="1655377234957" name="All files">
    <metrics statements="4" coveredstatements="0" conditionals="0" coveredconditionals="0" methods="0" coveredmethods="0" elements="4" coveredelements="0" complexity="0" loc="4" ncloc="4" packages="8" files="11" classes="11"/>
    <package name="src">
      <metrics statements="4" coveredstatements="0" conditionals="0" coveredconditionals="0" methods="0" coveredmethods="0"/>
      <file name="KillSwitch.ts" path="/Users/daniilrublev/Documents/Projects/trade-bot/trade-tech/shared-kernel/src/KillSwitch.ts">
        <metrics statements="1" coveredstatements="0" conditionals="0" coveredconditionals="0" methods="0" coveredmethods="0"/>
        <line num="1" count="0" type="stmt"/>
      </file>
      <file name="ioc.ts" path="/Users/daniilrublev/Documents/Projects/trade-bot/trade-tech/shared-kernel/src/ioc.ts">
        <metrics statements="3" coveredstatements="0" conditionals="0" coveredconditionals="0" methods="0" coveredmethods="0"/>
        <line num="8" count="0" type="stmt"/>
        <line num="10" count="0" type="stmt"/>
        <line num="12" count="0" type="stmt"/>
      </file>
    </package>
    <package name="src.app.strategies">
      <metrics statements="0" coveredstatements="0" conditionals="0" coveredconditionals="0" methods="0" coveredmethods="0"/>
      <file name="index.ts" path="/Users/daniilrublev/Documents/Projects/trade-bot/trade-tech/shared-kernel/src/app/strategies/index.ts">
        <metrics statements="0" coveredstatements="0" conditionals="0" coveredconditionals="0" methods="0" coveredmethods="0"/>
      </file>
    </package>
    <package name="src.app.strategies.implementations">
      <metrics statements="0" coveredstatements="0" conditionals="0" coveredconditionals="0" methods="0" coveredmethods="0"/>
      <file name="index.ts" path="/Users/daniilrublev/Documents/Projects/trade-bot/trade-tech/shared-kernel/src/app/strategies/implementations/index.ts">
        <metrics statements="0" coveredstatements="0" conditionals="0" coveredconditionals="0" methods="0" coveredmethods="0"/>
      </file>
    </package>
    <package name="src.constants">
      <metrics statements="0" coveredstatements="0" conditionals="0" coveredconditionals="0" methods="0" coveredmethods="0"/>
      <file name="identifiers.ts" path="/Users/daniilrublev/Documents/Projects/trade-bot/trade-tech/shared-kernel/src/constants/identifiers.ts">
        <metrics statements="0" coveredstatements="0" conditionals="0" coveredconditionals="0" methods="0" coveredmethods="0"/>
      </file>
    </package>
    <package name="src.domain">
      <metrics statements="0" coveredstatements="0" conditionals="0" coveredconditionals="0" methods="0" coveredmethods="0"/>
      <file name="TradeConfig.ts" path="/Users/daniilrublev/Documents/Projects/trade-bot/trade-tech/shared-kernel/src/domain/TradeConfig.ts">
        <metrics statements="0" coveredstatements="0" conditionals="0" coveredconditionals="0" methods="0" coveredmethods="0"/>
      </file>
    </package>
    <package name="src.infra.tinkoff">
      <metrics statements="0" coveredstatements="0" conditionals="0" coveredconditionals="0" methods="0" coveredmethods="0"/>
      <file name="OrderbookSubscriber.sandbox.ts" path="/Users/daniilrublev/Documents/Projects/trade-bot/trade-tech/shared-kernel/src/infra/tinkoff/OrderbookSubscriber.sandbox.ts">
        <metrics statements="0" coveredstatements="0" conditionals="0" coveredconditionals="0" methods="0" coveredmethods="0"/>
      </file>
      <file name="identifiers.ts" path="/Users/daniilrublev/Documents/Projects/trade-bot/trade-tech/shared-kernel/src/infra/tinkoff/identifiers.ts">
        <metrics statements="0" coveredstatements="0" conditionals="0" coveredconditionals="0" methods="0" coveredmethods="0"/>
      </file>
      <file name="index.ts" path="/Users/daniilrublev/Documents/Projects/trade-bot/trade-tech/shared-kernel/src/infra/tinkoff/index.ts">
        <metrics statements="0" coveredstatements="0" conditionals="0" coveredconditionals="0" methods="0" coveredmethods="0"/>
      </file>
    </package>
    <package name="src.infra.tinkoff.accounts">
      <metrics statements="0" coveredstatements="0" conditionals="0" coveredconditionals="0" methods="0" coveredmethods="0"/>
      <file name="index.ts" path="/Users/daniilrublev/Documents/Projects/trade-bot/trade-tech/shared-kernel/src/infra/tinkoff/accounts/index.ts">
        <metrics statements="0" coveredstatements="0" conditionals="0" coveredconditionals="0" methods="0" coveredmethods="0"/>
      </file>
    </package>
    <package name="src.infra.tinkoff.orders">
      <metrics statements="0" coveredstatements="0" conditionals="0" coveredconditionals="0" methods="0" coveredmethods="0"/>
      <file name="index.ts" path="/Users/daniilrublev/Documents/Projects/trade-bot/trade-tech/shared-kernel/src/infra/tinkoff/orders/index.ts">
        <metrics statements="0" coveredstatements="0" conditionals="0" coveredconditionals="0" methods="0" coveredmethods="0"/>
      </file>
    </package>
  </project>
</coverage>
