{"/Users/daniilrublev/Documents/Projects/trade-bot/trade-tech/shared-kernel/src/KillSwitch.ts": {"path":"/Users/daniilrublev/Documents/Projects/trade-bot/trade-tech/shared-kernel/src/KillSwitch.ts","statementMap":{"0":{"start":{"line":1,"column":19},"end":{"line":1,"column":40}}},"fnMap":{},"branchMap":{},"s":{"0":0},"f":{},"b":{}}
,"/Users/daniilrublev/Documents/Projects/trade-bot/trade-tech/shared-kernel/src/ioc.ts": {"path":"/Users/daniilrublev/Documents/Projects/trade-bot/trade-tech/shared-kernel/src/ioc.ts","statementMap":{"0":{"start":{"line":8,"column":22},"end":{"line":8,"column":37}},"1":{"start":{"line":10,"column":0},"end":{"line":10,"column":88}},"2":{"start":{"line":12,"column":0},"end":{"line":12,"column":79}}},"fnMap":{},"branchMap":{},"s":{"0":0,"1":0,"2":0},"f":{},"b":{}}
,"/Users/daniilrublev/Documents/Projects/trade-bot/trade-tech/shared-kernel/src/app/strategies/index.ts": {"path":"/Users/daniilrublev/Documents/Projects/trade-bot/trade-tech/shared-kernel/src/app/strategies/index.ts","statementMap":{},"fnMap":{},"branchMap":{},"s":{},"f":{},"b":{}}
,"/Users/daniilrublev/Documents/Projects/trade-bot/trade-tech/shared-kernel/src/app/strategies/implementations/index.ts": {"path":"/Users/daniilrublev/Documents/Projects/trade-bot/trade-tech/shared-kernel/src/app/strategies/implementations/index.ts","statementMap":{},"fnMap":{},"branchMap":{},"s":{},"f":{},"b":{}}
,"/Users/daniilrublev/Documents/Projects/trade-bot/trade-tech/shared-kernel/src/constants/identifiers.ts": {"path":"/Users/daniilrublev/Documents/Projects/trade-bot/trade-tech/shared-kernel/src/constants/identifiers.ts","statementMap":{},"fnMap":{},"branchMap":{},"s":{},"f":{},"b":{}}
,"/Users/daniilrublev/Documents/Projects/trade-bot/trade-tech/shared-kernel/src/domain/TradeConfig.ts": {"path":"/Users/daniilrublev/Documents/Projects/trade-bot/trade-tech/shared-kernel/src/domain/TradeConfig.ts","statementMap":{},"fnMap":{},"branchMap":{},"s":{},"f":{},"b":{}}
,"/Users/daniilrublev/Documents/Projects/trade-bot/trade-tech/shared-kernel/src/infra/tinkoff/OrderbookSubscriber.sandbox.ts": {"path":"/Users/daniilrublev/Documents/Projects/trade-bot/trade-tech/shared-kernel/src/infra/tinkoff/OrderbookSubscriber.sandbox.ts","statementMap":{},"fnMap":{},"branchMap":{},"s":{},"f":{},"b":{}}
,"/Users/daniilrublev/Documents/Projects/trade-bot/trade-tech/shared-kernel/src/infra/tinkoff/identifiers.ts": {"path":"/Users/daniilrublev/Documents/Projects/trade-bot/trade-tech/shared-kernel/src/infra/tinkoff/identifiers.ts","statementMap":{},"fnMap":{},"branchMap":{},"s":{},"f":{},"b":{}}
,"/Users/daniilrublev/Documents/Projects/trade-bot/trade-tech/shared-kernel/src/infra/tinkoff/index.ts": {"path":"/Users/daniilrublev/Documents/Projects/trade-bot/trade-tech/shared-kernel/src/infra/tinkoff/index.ts","statementMap":{},"fnMap":{},"branchMap":{},"s":{},"f":{},"b":{}}
,"/Users/daniilrublev/Documents/Projects/trade-bot/trade-tech/shared-kernel/src/infra/tinkoff/accounts/index.ts": {"path":"/Users/daniilrublev/Documents/Projects/trade-bot/trade-tech/shared-kernel/src/infra/tinkoff/accounts/index.ts","statementMap":{},"fnMap":{},"branchMap":{},"s":{},"f":{},"b":{}}
,"/Users/daniilrublev/Documents/Projects/trade-bot/trade-tech/shared-kernel/src/infra/tinkoff/orders/index.ts": {"path":"/Users/daniilrublev/Documents/Projects/trade-bot/trade-tech/shared-kernel/src/infra/tinkoff/orders/index.ts","statementMap":{},"fnMap":{},"branchMap":{},"s":{},"f":{},"b":{}}
}
